  random.cpp
e:\uni\year 1\trimester 2\2d graphics programming\b00268411 lunar lander project\lunar lander project\random.cpp(24): warning C4244: 'return': conversion from 'double' to 'float', possible loss of data
  Moon.cpp
e:\uni\year 1\trimester 2\2d graphics programming\b00268411 lunar lander project\lunar lander project\moon.h(10): warning C4244: 'initializing': conversion from 'float' to 'int', possible loss of data
e:\uni\year 1\trimester 2\2d graphics programming\b00268411 lunar lander project\lunar lander project\moon.cpp(42): warning C4244: 'argument': conversion from 'int' to 'GLfloat', possible loss of data
  main.cpp
e:\uni\year 1\trimester 2\2d graphics programming\b00268411 lunar lander project\lunar lander project\moon.h(10): warning C4244: 'initializing': conversion from 'float' to 'int', possible loss of data
  Lander.cpp
e:\uni\year 1\trimester 2\2d graphics programming\b00268411 lunar lander project\lunar lander project\moon.h(10): warning C4244: 'initializing': conversion from 'float' to 'int', possible loss of data
e:\uni\year 1\trimester 2\2d graphics programming\b00268411 lunar lander project\lunar lander project\lander.cpp(50): warning C4305: '=': truncation from 'double' to 'float'
e:\uni\year 1\trimester 2\2d graphics programming\b00268411 lunar lander project\lunar lander project\lander.cpp(55): warning C4305: '=': truncation from 'double' to 'float'
e:\uni\year 1\trimester 2\2d graphics programming\b00268411 lunar lander project\lunar lander project\lander.cpp(61): warning C4244: 'argument': conversion from 'double' to 'int', possible loss of data
e:\uni\year 1\trimester 2\2d graphics programming\b00268411 lunar lander project\lunar lander project\lander.cpp(67): warning C4244: 'argument': conversion from 'double' to 'int', possible loss of data
e:\uni\year 1\trimester 2\2d graphics programming\b00268411 lunar lander project\lunar lander project\lander.cpp(117): warning C4244: '=': conversion from 'int' to 'float', possible loss of data
e:\uni\year 1\trimester 2\2d graphics programming\b00268411 lunar lander project\lunar lander project\lander.cpp(122): warning C4244: '=': conversion from 'float' to 'int', possible loss of data
e:\uni\year 1\trimester 2\2d graphics programming\b00268411 lunar lander project\lunar lander project\lander.cpp(137): warning C4554: '&': check operator precedence for possible error; use parentheses to clarify precedence
  Bitmap.cpp
  Generating Code...
  LINK : E:\uni\year 1\Trimester 2\2d graphics programming\B00268411 Lunar Lander Project\Debug\Lunar Lander Project.exe not found or not built by the last incremental link; performing full link
  Lunar Lander Project.vcxproj -> E:\uni\year 1\Trimester 2\2d graphics programming\B00268411 Lunar Lander Project\Debug\Lunar Lander Project.exe
